# JRE version: Java(TM) SE Runtime Environment 18.9 (11.0.12+8) (build 11.0.12+8-LTS-237)
# Java VM: Java HotSpot(TM) 64-Bit Server VM 18.9 (11.0.12+8-LTS-237, mixed mode, tiered, compressed oops, g1 gc, windows-amd64)
Heap:
 garbage-first heap   total 315392K, used 42404K [0x0000000701e00000, 0x0000000800000000)
  region size 1024K, 13 young (13312K), 13 survivors (13312K)
 Metaspace       used 70429K, capacity 72280K, committed 72400K, reserved 1112064K
  class space    used 8940K, capacity 9661K, committed 9760K, reserved 1048576K
GC Heap History (10 events):
Event: 4.322 GC heap after
{Heap after GC invocations=7 (full 0):
 garbage-first heap   total 262144K, used 19953K [0x0000000701e00000, 0x0000000800000000)
  region size 1024K, 7 young (7168K), 7 survivors (7168K)
 Metaspace       used 34883K, capacity 35844K, committed 35964K, reserved 1081344K
  class space    used 4327K, capacity 4708K, committed 4812K, reserved 1048576K
}
Event: 5.909 GC heap before
{Heap before GC invocations=8 (full 0):
 garbage-first heap   total 262144K, used 144881K [0x0000000701e00000, 0x0000000800000000)
  region size 1024K, 130 young (133120K), 7 survivors (7168K)
 Metaspace       used 44168K, capacity 45299K, committed 45564K, reserved 1089536K
  class space    used 5491K, capacity 5948K, committed 5964K, reserved 1048576K
}
Event: 5.915 GC heap after
{Heap after GC invocations=9 (full 0):
 garbage-first heap   total 262144K, used 25840K [0x0000000701e00000, 0x0000000800000000)
  region size 1024K, 12 young (12288K), 12 survivors (12288K)
 Metaspace       used 44168K, capacity 45299K, committed 45564K, reserved 1089536K
  class space    used 5491K, capacity 5948K, committed 5964K, reserved 1048576K
}
Event: 6.877 GC heap before
{Heap before GC invocations=9 (full 0):
 garbage-first heap   total 262144K, used 170224K [0x0000000701e00000, 0x0000000800000000)
  region size 1024K, 153 young (156672K), 12 survivors (12288K)
 Metaspace       used 52824K, capacity 54107K, committed 54268K, reserved 1095680K
  class space    used 6689K, capacity 7223K, committed 7244K, reserved 1048576K
}
Event: 6.892 GC heap after
{Heap after GC invocations=10 (full 0):
 garbage-first heap   total 262144K, used 29941K [0x0000000701e00000, 0x0000000800000000)
  region size 1024K, 15 young (15360K), 15 survivors (15360K)
 Metaspace       used 52824K, capacity 54107K, committed 54268K, reserved 1095680K
  class space    used 6689K, capacity 7223K, committed 7244K, reserved 1048576K
}
Event: 7.895 GC heap before
{Heap before GC invocations=10 (full 0):
 garbage-first heap   total 262144K, used 175349K [0x0000000701e00000, 0x0000000800000000)
  region size 1024K, 153 young (156672K), 15 survivors (15360K)
 Metaspace       used 58312K, capacity 59951K, committed 60028K, reserved 1101824K
  class space    used 7440K, capacity 8099K, committed 8140K, reserved 1048576K
}
Event: 7.906 GC heap after
{Heap after GC invocations=11 (full 0):
 garbage-first heap   total 262144K, used 35042K [0x0000000701e00000, 0x0000000800000000)
  region size 1024K, 16 young (16384K), 16 survivors (16384K)
 Metaspace       used 58312K, capacity 59951K, committed 60028K, reserved 1101824K
  class space    used 7440K, capacity 8099K, committed 8140K, reserved 1048576K
}
Event: 7.930 GC heap before
{Heap before GC invocations=11 (full 0):
 garbage-first heap   total 262144K, used 38114K [0x0000000701e00000, 0x0000000800000000)
  region size 1024K, 20 young (20480K), 16 survivors (16384K)
 Metaspace       used 58729K, capacity 60296K, committed 60368K, reserved 1101824K
  class space    used 7503K, capacity 8173K, committed 8224K, reserved 1048576K
}
Event: 7.942 GC heap after
{Heap after GC invocations=12 (full 0):
 garbage-first heap   total 262144K, used 36096K [0x0000000701e00000, 0x0000000800000000)
  region size 1024K, 7 young (7168K), 7 survivors (7168K)
 Metaspace       used 58729K, capacity 60296K, committed 60368K, reserved 1101824K
  class space    used 7503K, capacity 8173K, committed 8224K, reserved 1048576K
}
Event: 9.477 GC heap before
{Heap before GC invocations=13 (full 0):
 garbage-first heap   total 262144K, used 185600K [0x0000000701e00000, 0x0000000800000000)
  region size 1024K, 153 young (156672K), 7 survivors (7168K)
 Metaspace       used 70429K, capacity 72280K, committed 72400K, reserved 1112064K
  class space    used 8940K, capacity 9661K, committed 9760K, reserved 1048576K
}

