# JRE version: Java(TM) SE Runtime Environment 18.9 (11.0.12+8) (build 11.0.12+8-LTS-237)
# Java VM: Java HotSpot(TM) 64-Bit Server VM 18.9 (11.0.12+8-LTS-237, mixed mode, tiered, compressed oops, g1 gc, windows-amd64)
Heap:
 garbage-first heap   total 262144K, used 43205K [0x0000000701e00000, 0x0000000800000000)
  region size 1024K, 13 young (13312K), 13 survivors (13312K)
 Metaspace       used 73657K, capacity 75500K, committed 75600K, reserved 1126400K
  class space    used 9311K, capacity 10042K, committed 10112K, reserved 1048576K
GC Heap History (10 events):
Event: 12.671 GC heap before
{Heap before GC invocations=8 (full 0):
 garbage-first heap   total 262144K, used 168726K [0x0000000701e00000, 0x0000000800000000)
  region size 1024K, 153 young (156672K), 14 survivors (14336K)
 Metaspace       used 52733K, capacity 54010K, committed 54096K, reserved 1095680K
  class space    used 6689K, capacity 7230K, committed 7296K, reserved 1048576K
}
Event: 12.686 GC heap after
{Heap after GC invocations=9 (full 0):
 garbage-first heap   total 262144K, used 30584K [0x0000000701e00000, 0x0000000800000000)
  region size 1024K, 14 young (14336K), 14 survivors (14336K)
 Metaspace       used 52733K, capacity 54010K, committed 54096K, reserved 1095680K
  class space    used 6689K, capacity 7230K, committed 7296K, reserved 1048576K
}
Event: 14.081 GC heap before
{Heap before GC invocations=9 (full 0):
 garbage-first heap   total 262144K, used 177016K [0x0000000701e00000, 0x0000000800000000)
  region size 1024K, 153 young (156672K), 14 survivors (14336K)
 Metaspace       used 58551K, capacity 60150K, committed 60368K, reserved 1101824K
  class space    used 7479K, capacity 8140K, committed 8192K, reserved 1048576K
}
Event: 14.096 GC heap after
{Heap after GC invocations=10 (full 0):
 garbage-first heap   total 262144K, used 35963K [0x0000000701e00000, 0x0000000800000000)
  region size 1024K, 12 young (12288K), 12 survivors (12288K)
 Metaspace       used 58551K, capacity 60150K, committed 60368K, reserved 1101824K
  class space    used 7479K, capacity 8140K, committed 8192K, reserved 1048576K
}
Event: 14.104 GC heap before
{Heap before GC invocations=10 (full 0):
 garbage-first heap   total 262144K, used 36987K [0x0000000701e00000, 0x0000000800000000)
  region size 1024K, 14 young (14336K), 12 survivors (12288K)
 Metaspace       used 58678K, capacity 60372K, committed 60508K, reserved 1101824K
  class space    used 7501K, capacity 8192K, committed 8192K, reserved 1048576K
}
Event: 14.114 GC heap after
{Heap after GC invocations=11 (full 0):
 garbage-first heap   total 262144K, used 36422K [0x0000000701e00000, 0x0000000800000000)
  region size 1024K, 6 young (6144K), 6 survivors (6144K)
 Metaspace       used 58678K, capacity 60372K, committed 60508K, reserved 1101824K
  class space    used 7501K, capacity 8192K, committed 8192K, reserved 1048576K
}
Event: 15.826 GC heap before
{Heap before GC invocations=12 (full 0):
 garbage-first heap   total 262144K, used 186950K [0x0000000701e00000, 0x0000000800000000)
  region size 1024K, 153 young (156672K), 6 survivors (6144K)
 Metaspace       used 69012K, capacity 70817K, committed 70864K, reserved 1110016K
  class space    used 8743K, capacity 9433K, committed 9472K, reserved 1048576K
}
Event: 15.834 GC heap after
{Heap after GC invocations=13 (full 0):
 garbage-first heap   total 262144K, used 40869K [0x0000000701e00000, 0x0000000800000000)
  region size 1024K, 11 young (11264K), 11 survivors (11264K)
 Metaspace       used 69012K, capacity 70817K, committed 70864K, reserved 1110016K
  class space    used 8743K, capacity 9433K, committed 9472K, reserved 1048576K
}
Event: 17.070 GC heap before
{Heap before GC invocations=13 (full 0):
 garbage-first heap   total 262144K, used 86949K [0x0000000701e00000, 0x0000000800000000)
  region size 1024K, 57 young (58368K), 11 survivors (11264K)
 Metaspace       used 73657K, capacity 75500K, committed 75600K, reserved 1124352K
  class space    used 9311K, capacity 10042K, committed 10112K, reserved 1048576K
}
Event: 17.080 GC heap after
{Heap after GC invocations=14 (full 0):
 garbage-first heap   total 262144K, used 43205K [0x0000000701e00000, 0x0000000800000000)
  region size 1024K, 13 young (13312K), 13 survivors (13312K)
 Metaspace       used 73657K, capacity 75500K, committed 75600K, reserved 1124352K
  class space    used 9311K, capacity 10042K, committed 10112K, reserved 1048576K
}

